2021-02-18 19:48:50,010 INFO: Corona startup [in /home/mxu/git/github/project-corona/client/backend/app/__init__.py:42]
2021-02-18 19:51:14,872 INFO: Corona startup [in /home/mxu/git/github/project-corona/client/backend/app/__init__.py:42]
2021-02-18 19:51:14,872 — app — INFO — create_app:42 — Corona startup
2021-02-18 19:51:14,879 — werkzeug — WARNING — _log:113 —  * Debugger is active!
2021-02-18 19:51:14,879 — werkzeug — INFO — _log:113 —  * Debugger PIN: 237-310-372
2021-02-18 19:51:20,390 INFO: Corona startup [in /home/mxu/git/github/project-corona/client/backend/app/__init__.py:42]
2021-02-18 19:51:20,390 — app — INFO — create_app:42 — Corona startup
2021-02-18 19:51:20,396 — werkzeug — INFO — _log:113 —  * Running on http://0.0.0.0:8098/ (Press CTRL+C to quit)
2021-02-18 19:51:20,396 — werkzeug — INFO — _log:113 —  * Restarting with stat
2021-02-18 19:51:20,646 INFO: Corona startup [in /home/mxu/git/github/project-corona/client/backend/app/__init__.py:42]
2021-02-18 19:51:20,646 — app — INFO — create_app:42 — Corona startup
2021-02-18 19:51:20,651 — werkzeug — WARNING — _log:113 —  * Debugger is active!
2021-02-18 19:51:20,652 — werkzeug — INFO — _log:113 —  * Debugger PIN: 237-310-372
2021-02-18 19:51:25,984 — urllib3.connectionpool — DEBUG — _new_conn:226 — Starting new HTTP connection (1): 192.168.176.62:80
2021-02-18 19:51:26,119 — urllib3.connectionpool — DEBUG — _make_request:433 — http://192.168.176.62:80 "GET /corona/iz/all HTTP/1.1" 200 None
2021-02-18 19:51:26,372 — werkzeug — INFO — _log:113 — 127.0.0.1 - - [18/Feb/2021 19:51:26] "[37mGET /api/corona/all HTTP/1.1[0m" 200 -
2021-02-18 19:52:03,123 — werkzeug — INFO — _log:113 —  * Detected change in '/home/mxu/git/github/project-corona/client/backend/app/routes/corona.py', reloading
2021-02-18 19:52:03,256 — werkzeug — INFO — _log:113 —  * Restarting with stat
2021-02-18 19:52:03,672 INFO: Corona startup [in /home/mxu/git/github/project-corona/client/backend/app/__init__.py:42]
2021-02-18 19:52:03,672 — app — INFO — create_app:42 — Corona startup
2021-02-18 19:52:03,678 — werkzeug — WARNING — _log:113 —  * Debugger is active!
2021-02-18 19:52:03,678 — werkzeug — INFO — _log:113 —  * Debugger PIN: 237-310-372
2021-02-18 19:52:06,700 — werkzeug — INFO — _log:113 —  * Detected change in '/home/mxu/git/github/project-corona/client/backend/main.py', reloading
2021-02-18 19:52:06,751 — werkzeug — INFO — _log:113 —  * Restarting with stat
2021-02-18 19:52:07,049 INFO: Corona startup [in /home/mxu/git/github/project-corona/client/backend/app/__init__.py:42]
2021-02-18 19:52:07,049 — app — INFO — create_app:42 — Corona startup
